#
# There is insufficient memory for the Java Runtime Environment to continue.
# Native memory allocation (malloc) failed to allocate 1048576 bytes for AllocateHeap
# Possible reasons:
#   The system is out of physical RAM or swap space
#   The process is running with CompressedOops enabled, and the Java Heap may be blocking the growth of the native heap
# Possible solutions:
#   Reduce memory load on the system
#   Increase physical memory or swap space
#   Check if swap backing store is full
#   Decrease Java heap size (-Xmx/-Xms)
#   Decrease number of Java threads
#   Decrease Java thread stack sizes (-Xss)
#   Set larger code cache with -XX:ReservedCodeCacheSize=
#   JVM is running with Unscaled Compressed Oops mode in which the Java heap is
#     placed in the first 4GB address space. The Java Heap base address is the
#     maximum limit for the native heap growth. Please use -XX:HeapBaseMinAddress
#     to set the Java Heap base and to place the Java Heap above 4GB virtual address.
# This output file may be truncated or incomplete.
#
#  Out of Memory Error (allocation.cpp:44), pid=19612, tid=20812
#
# JRE version:  (17.0.9+11) (build )
# Java VM: Java HotSpot(TM) 64-Bit Server VM (17.0.9+11-LTS-201, mixed mode, sharing, tiered, compressed oops, compressed class ptrs, g1 gc, windows-amd64)
# No core dump will be written. Minidumps are not enabled by default on client versions of Windows
#

---------------  S U M M A R Y ------------

Command Line: -Xmx64m -Xms64m -Dorg.gradle.appname=gradlew D:\Self_Study_Project\Backend\InstaGallery_Backend\\gradle\wrapper\gradle-wrapper.jar test

Host: AMD Ryzen 5 5600H with Radeon Graphics         , 12 cores, 7G,  Windows 11 , 64 bit Build 26100 (10.0.26100.4484)
Time: Fri Aug  8 16:45:11 2025 SE Asia Standard Time elapsed time: 1.032165 seconds (0d 0h 0m 1s)

---------------  T H R E A D  ---------------

Current thread (0x0000023e63ce2040):  JavaThread "Unknown thread" [_thread_in_vm, id=20812, stack(0x000000e5bed00000,0x000000e5bee00000)]

Stack: [0x000000e5bed00000,0x000000e5bee00000]
Native frames: (J=compiled Java code, j=interpreted, Vv=VM code, C=native code)
V  [jvm.dll+0x678a4a]
V  [jvm.dll+0x7d9cfd]
V  [jvm.dll+0x7db60e]
V  [jvm.dll+0x7dbc73]
V  [jvm.dll+0x245e1f]
V  [jvm.dll+0xa5173]
V  [jvm.dll+0x2e389e]
V  [jvm.dll+0x2db5bb]
V  [jvm.dll+0x7ab6b1]
V  [jvm.dll+0x368041]
V  [jvm.dll+0x78a749]
V  [jvm.dll+0x3ebd4f]
V  [jvm.dll+0x3ed7d1]
C  [jli.dll+0x5297]
C  [ucrtbase.dll+0x37b0]
C  [KERNEL32.DLL+0x2e8d7]
C  [ntdll.dll+0x3c34c]


---------------  P R O C E S S  ---------------

Threads class SMR info:
_java_thread_list=0x00007ff8d6c589d8, length=0, elements={
}

Java Threads: ( => current thread )

Other Threads:
  0x0000023e63d02c30 GCTaskThread "GC Thread#0" [stack: 0x000000e5bee00000,0x000000e5bef00000] [id=8396]

[error occurred during error reporting (printing all threads), id 0xc0000005, EXCEPTION_ACCESS_VIOLATION (0xc0000005) at pc=0x00007ff8d6488810]

VM state: not at safepoint (not fully initialized)

VM Mutex/Monitor currently owned by a thread:  ([mutex/lock_event])
[0x0000023e63cdd150] Heap_lock - owner thread: 0x0000023e63ce2040

Heap address: 0x00000000fc000000, size: 64 MB, Compressed Oops mode: 32-bit

CDS archive(s) mapped at: [0x0000000000000000-0x0000000000000000-0x0000000000000000), size 0, SharedBaseAddress: 0x0000000800000000, ArchiveRelocationMode: 1.
Narrow klass base: 0x0000000000000000, Narrow klass shift: 0, Narrow klass range: 0x0

GC Precious Log:
<Empty>

Heap:
 garbage-first heap   total 0K, used 0K [0x00000000fc000000, 0x0000000100000000)
  region size 1024K, 0 young (0K), 0 survivors (0K)

[error occurred during error reporting (printing heap information), id 0xc0000005, EXCEPTION_ACCESS_VIOLATION (0xc0000005) at pc=0x00007ff8d6872229]

GC Heap History (0 events):
No events

Deoptimization events (0 events):
No events

Classes unloaded (0 events):
No events

Classes redefined (0 events):
No events

Internal exceptions (0 events):
No events

VM Operations (0 events):
No events

Events (1 events):
Event: 0.012 Loaded shared library C:\Program Files\Java\jdk-17\bin\java.dll


Dynamic libraries:
0x00007ff7d8e10000 - 0x00007ff7d8e20000 	C:\Program Files\Java\jdk-17\bin\java.exe
0x00007ff9adb80000 - 0x00007ff9adde8000 	C:\WINDOWS\SYSTEM32\ntdll.dll
0x00007ff9ad3f0000 - 0x00007ff9ad4b9000 	C:\WINDOWS\System32\KERNEL32.DLL
0x00007ff9ab190000 - 0x00007ff9ab57d000 	C:\WINDOWS\System32\KERNELBASE.dll
0x00007ff9aaf80000 - 0x00007ff9ab0cb000 	C:\WINDOWS\System32\ucrtbase.dll
0x00007ff985db0000 - 0x00007ff985dcb000 	C:\Program Files\Java\jdk-17\bin\VCRUNTIME140.dll
0x00007ff98acb0000 - 0x00007ff98acc9000 	C:\Program Files\Java\jdk-17\bin\jli.dll
0x00007ff9abb20000 - 0x00007ff9abbd4000 	C:\WINDOWS\System32\ADVAPI32.dll
0x00007ff9aca30000 - 0x00007ff9acad9000 	C:\WINDOWS\System32\msvcrt.dll
0x00007ff9ac1a0000 - 0x00007ff9ac246000 	C:\WINDOWS\System32\sechost.dll
0x00007ff9ad2d0000 - 0x00007ff9ad3e8000 	C:\WINDOWS\System32\RPCRT4.dll
0x00007ff9abbe0000 - 0x00007ff9abdac000 	C:\WINDOWS\System32\USER32.dll
0x00007ff99a850000 - 0x00007ff99aaea000 	C:\WINDOWS\WinSxS\amd64_microsoft.windows.common-controls_6595b64144ccf1df_6.0.26100.4484_none_3e0e6d4ce32ef3b3\COMCTL32.dll
0x00007ff9ab7b0000 - 0x00007ff9ab7d7000 	C:\WINDOWS\System32\win32u.dll
0x00007ff9ad620000 - 0x00007ff9ad64b000 	C:\WINDOWS\System32\GDI32.dll
0x00007ff9ab7e0000 - 0x00007ff9ab917000 	C:\WINDOWS\System32\gdi32full.dll
0x00007ff9ab700000 - 0x00007ff9ab7a3000 	C:\WINDOWS\System32\msvcp_win.dll
0x00007ff9a2820000 - 0x00007ff9a282b000 	C:\WINDOWS\SYSTEM32\VERSION.dll
0x00007ff9ad4c0000 - 0x00007ff9ad4ef000 	C:\WINDOWS\System32\IMM32.DLL
0x00007ff999a30000 - 0x00007ff999a3c000 	C:\Program Files\Java\jdk-17\bin\vcruntime140_1.dll
0x00007ff9112d0000 - 0x00007ff91135e000 	C:\Program Files\Java\jdk-17\bin\msvcp140.dll
0x00007ff8d61a0000 - 0x00007ff8d6d81000 	C:\Program Files\Java\jdk-17\bin\server\jvm.dll
0x00007ff9ac2a0000 - 0x00007ff9ac2a8000 	C:\WINDOWS\System32\PSAPI.DLL
0x00007ff9a15c0000 - 0x00007ff9a15f5000 	C:\WINDOWS\SYSTEM32\WINMM.dll
0x00007ff99b170000 - 0x00007ff99b17a000 	C:\WINDOWS\SYSTEM32\WSOCK32.dll
0x00007ff9adac0000 - 0x00007ff9adb34000 	C:\WINDOWS\System32\WS2_32.dll
0x00007ff9a9a50000 - 0x00007ff9a9a6b000 	C:\WINDOWS\SYSTEM32\kernel.appcore.dll
0x00007ff98aca0000 - 0x00007ff98acaa000 	C:\Program Files\Java\jdk-17\bin\jimage.dll
0x00007ff9a2010000 - 0x00007ff9a2251000 	C:\WINDOWS\SYSTEM32\DBGHELP.DLL
0x00007ff9abdb0000 - 0x00007ff9ac136000 	C:\WINDOWS\System32\combase.dll
0x00007ff9ad8d0000 - 0x00007ff9ad9b0000 	C:\WINDOWS\System32\OLEAUT32.dll
0x00007ff987560000 - 0x00007ff9875a3000 	C:\WINDOWS\SYSTEM32\dbgcore.DLL
0x00007ff9aaee0000 - 0x00007ff9aaf79000 	C:\WINDOWS\System32\bcryptPrimitives.dll
0x00007ff93c5a0000 - 0x00007ff93c5c5000 	C:\Program Files\Java\jdk-17\bin\java.dll

dbghelp: loaded successfully - version: 4.0.5 - missing functions: none
symbol engine: initialized successfully - sym options: 0x614 - pdb path: .;C:\Program Files\Java\jdk-17\bin;C:\WINDOWS\SYSTEM32;C:\WINDOWS\WinSxS\amd64_microsoft.windows.common-controls_6595b64144ccf1df_6.0.26100.4484_none_3e0e6d4ce32ef3b3;C:\Program Files\Java\jdk-17\bin\server

VM Arguments:
jvm_args: -Xmx64m -Xms64m -Dorg.gradle.appname=gradlew 
java_command: D:\Self_Study_Project\Backend\InstaGallery_Backend\\gradle\wrapper\gradle-wrapper.jar test
java_class_path (initial): D:\Self_Study_Project\Backend\InstaGallery_Backend\\gradle\wrapper\gradle-wrapper.jar
Launcher Type: SUN_STANDARD

[Global flags]
     intx CICompilerCount                          = 4                                         {product} {ergonomic}
     uint ConcGCThreads                            = 3                                         {product} {ergonomic}
     uint G1ConcRefinementThreads                  = 10                                        {product} {ergonomic}
   size_t G1HeapRegionSize                         = 1048576                                   {product} {ergonomic}
    uintx GCDrainStackTargetSize                   = 64                                        {product} {ergonomic}
   size_t InitialHeapSize                          = 67108864                                  {product} {command line}
   size_t MarkStackSize                            = 4194304                                   {product} {ergonomic}
   size_t MaxHeapSize                              = 67108864                                  {product} {command line}
   size_t MinHeapDeltaBytes                        = 1048576                                   {product} {ergonomic}
   size_t MinHeapSize                              = 67108864                                  {product} {command line}
    uintx NonNMethodCodeHeapSize                   = 5839372                                {pd product} {ergonomic}
    uintx NonProfiledCodeHeapSize                  = 122909434                              {pd product} {ergonomic}
    uintx ProfiledCodeHeapSize                     = 122909434                              {pd product} {ergonomic}
    uintx ReservedCodeCacheSize                    = 251658240                              {pd product} {ergonomic}
     bool SegmentedCodeCache                       = true                                      {product} {ergonomic}
   size_t SoftMaxHeapSize                          = 67108864                               {manageable} {ergonomic}
     bool UseCompressedClassPointers               = true                           {product lp64_product} {ergonomic}
     bool UseCompressedOops                        = true                           {product lp64_product} {ergonomic}
     bool UseG1GC                                  = true                                      {product} {ergonomic}
     bool UseLargePagesIndividualAllocation        = false                                  {pd product} {ergonomic}

Logging:
Log output configuration:
 #0: stdout all=warning uptime,level,tags
 #1: stderr all=off uptime,level,tags

Environment Variables:
JAVA_HOME=C:\Program Files\Java\jdk-17
PATH=C:\Python313\Scripts\;C:\Python313\;C:\Program Files\Python312\Scripts\;C:\Program Files\Python312\;C:\Program Files (x86)\VMware\VMware Workstation\bin\;C:\Program Files\Microsoft MPI\Bin\;C:\Program Files\Microsoft\jdk-17.0.7.7-hotspot\bin;C:\windows\system32;C:\windows;C:\windows\System32\Wbem;C:\windows\System32\WindowsPowerShell\v1.0\;C:\windows\System32\OpenSSH\;C:\Program Files (x86)\NVIDIA Corporation\PhysX\Common;C:\Program Files\NVIDIA Corporation\NVIDIA NvDLISR;C:\WINDOWS\system32;C:\WINDOWS;C:\WINDOWS\System32\Wbem;C:\WINDOWS\System32\WindowsPowerShell\v1.0\;C:\WINDOWS\System32\OpenSSH\;C:\Program Files (x86)\mingw-w64\i686-8.1.0-posix-dwarf-rt_v6-rev0\mingw32\bin;C:\msys64\mingw64\bin;C:\Program Files (x86)\Microsoft SQL Server\160\Tools\Binn\;C:\Program Files\Microsoft SQL Server\160\Tools\Binn\;C:\Program Files\Microsoft SQL Server\Client SDK\ODBC\170\Tools\Binn\;C:\Program Files\Microsoft SQL Server\160\DTS\Binn\;C:\Program Files\Azure Data Studio\bin;C:\flutter_code\flutter\bin;C:\Program Files (x86)\Rational\common;C:\msys64\mingw64\bin\pip.exe;C:\Program Files\Git\cmd;C:\Program Files\Java\jdk-17\bin;C:\ProgramData\chocolatey\bin;C:\Program Files (x86)\Microsoft SQL Server\160\DTS\Binn\;C:\Program Files\MySQL\MySQL Server 8.0\bin;C:\Program Files\nodejs\;C:\Program Files\dotnet\;C:\Users\Pham Ngoc\scoop\shims;C:\Users\Pham Ngoc\AppData\Local\Microsoft\WindowsApps;C:\Users\Pham Ngoc\AppData\Local\Programs\Microsoft VS Code\bin;C:\msys64\mingw64\bin;C:\Program Files\Azure Data Studio\bin;C:\flutter_3.19.4\flutter\bin;C:\fvm;%IntelliJ IDEA Community Edition%;D:\SQL\Azure Data Studio\bin;C:\Program Files\JetBrains\PyCharm 2024.2.4\bin;;C:\Program Files\Java\jdk-17\bin;C:\Users\Pham Ngoc\AppData\Local\Programs\Windsurf\bin;C:\Users\Pham Ngoc\AppData\Roaming\npm;C:\Users\Pham Ngoc\.dotnet\tools
USERNAME=Pham Ngoc
OS=Windows_NT
PROCESSOR_IDENTIFIER=AMD64 Family 25 Model 80 Stepping 0, AuthenticAMD



---------------  S Y S T E M  ---------------

OS:
 Windows 11 , 64 bit Build 26100 (10.0.26100.4484)
OS uptime: 0 days 8:26 hours
Hyper-V role detected

CPU: total 12 (initial active 12) (12 cores per cpu, 2 threads per core) family 25 model 80 stepping 0 microcode 0xa50000d, cx8, cmov, fxsr, ht, mmx, 3dnowpref, sse, sse2, sse3, ssse3, sse4a, sse4.1, sse4.2, popcnt, lzcnt, tsc, tscinvbit, avx, avx2, aes, erms, clmul, bmi1, bmi2, adx, sha, fma, vzeroupper, clflush, clflushopt, hv

Memory: 4k page, system-wide physical 7521M (475M free)
TotalPageFile size 31073M (AvailPageFile size 10M)
current process WorkingSet (physical memory assigned to process): 11M, peak: 11M
current process commit charge ("private bytes"): 56M, peak: 57M

vm_info: Java HotSpot(TM) 64-Bit Server VM (17.0.9+11-LTS-201) for windows-amd64 JRE (17.0.9+11-LTS-201), built on Oct 10 2023 23:16:06 by "mach5one" with MS VC++ 17.1 (VS2022)

END.
